2023-04-03 01:44:57.081470 - Initialized conversion of CBT657
2023-04-03 01:44:57.193012 - Received CBT.V504.FILE657.PDS from FILE657.XMI 
2023-04-03 01:44:57.195699 - Found $$$#DATE.txt (text/plain) in CBT.V504.FILE657.PDS, moved to PDS/$$$#DATE
2023-04-03 01:44:57.196773 - Found $$NOTE1.txt (text/plain) in CBT.V504.FILE657.PDS, moved to PDS/$$NOTE1
2023-04-03 01:44:57.197782 - Found $$PLAN.txt (text/plain) in CBT.V504.FILE657.PDS, moved to PDS/$$PLAN
2023-04-03 01:44:57.199049 - Found $NOTES.txt (text/plain) in CBT.V504.FILE657.PDS, moved to PDS/$NOTES
2023-04-03 01:44:57.200410 - Found $USAGE.txt (text/plain) in CBT.V504.FILE657.PDS, moved to PDS/$USAGE
2023-04-03 01:44:57.201561 - Found @FILE657.txt (text/plain) in CBT.V504.FILE657.PDS, moved to PDS/@FILE657
2023-04-03 01:44:57.202690 - Found RESCUE01.jcl (text/plain) in CBT.V504.FILE657.PDS, moved to PDS/RESCUE01
2023-04-03 01:44:57.204147 - Found RESCUE02.jcl (text/plain) in CBT.V504.FILE657.PDS, moved to PDS/RESCUE02
2023-04-03 01:44:57.205324 - Found RESCUE03.jcl (text/plain) in CBT.V504.FILE657.PDS, moved to PDS/RESCUE03
2023-04-03 01:44:57.206284 - Found RESCUE04.jcl (text/plain) in CBT.V504.FILE657.PDS, moved to PDS/RESCUE04
2023-04-03 01:44:57.207199 - Found RESCUE05.jcl (text/plain) in CBT.V504.FILE657.PDS, moved to PDS/RESCUE05
2023-04-03 01:44:57.208197 - Found RESCUE06.jcl (text/plain) in CBT.V504.FILE657.PDS, moved to PDS/RESCUE06
2023-04-03 01:44:57.209164 - Found RESCUE07.jcl (text/plain) in CBT.V504.FILE657.PDS, moved to PDS/RESCUE07
2023-04-03 01:44:57.210036 - Found RESCUE08.jcl (text/plain) in CBT.V504.FILE657.PDS, moved to PDS/RESCUE08
2023-04-03 01:44:57.210939 - Found RESCUE09.jcl (text/plain) in CBT.V504.FILE657.PDS, moved to PDS/RESCUE09
2023-04-03 01:44:57.211887 - Found RESCUE10.jcl (text/plain) in CBT.V504.FILE657.PDS, moved to PDS/RESCUE10
2023-04-03 01:44:57.212816 - Found RESCUE11.jcl (text/plain) in CBT.V504.FILE657.PDS, moved to PDS/RESCUE11
2023-04-03 01:44:57.213752 - Found RESCUE12.jcl (text/plain) in CBT.V504.FILE657.PDS, moved to PDS/RESCUE12
2023-04-03 01:44:57.214684 - Found RESCUE13.jcl (text/plain) in CBT.V504.FILE657.PDS, moved to PDS/RESCUE13
2023-04-03 01:44:57.216168 - Found RESCUE14.jcl (text/plain) in CBT.V504.FILE657.PDS, moved to PDS/RESCUE14
